<?xml version="1.0" encoding="UTF-8"?>
<testng-results ignored="0" total="0" passed="0" failed="0" skipped="0">
  <reporter-output>
  </reporter-output>
  <suite started-at="2021-11-14T19:46:15 MSK" name="test.WebDriverHolidayclubTest" finished-at="2021-11-14T19:46:15 MSK" duration-ms="12">
    <groups>
    </groups>
    <test started-at="2021-11-14T19:46:15 MSK" name="Command line test" finished-at="2021-11-14T19:46:15 MSK" duration-ms="12">
    </test> <!-- Command line test -->
  </suite> <!-- test.WebDriverHolidayclubTest -->
</testng-results>
